Determining if the pthread_create exist failed with the following output:
Change Dir: /home/nuc/slam_ws/build_isolated/cartographer_ros/CMakeFiles/CMakeTmp

Run Build Command:"/usr/bin/ninja" "cmTC_44625"
[1/2] Building C object CMakeFiles/cmTC_44625.dir/CheckSymbolExists.c.o
[2/2] Linking C executable cmTC_44625
FAILED: : && /usr/bin/cc     CMakeFiles/cmTC_44625.dir/CheckSymbolExists.c.o  -o cmTC_44625  -rdynamic && :
CMakeFiles/cmTC_44625.dir/CheckSymbolExists.c.o: In function `main':
CheckSymbolExists.c:(.text+0x16): undefined reference to `pthread_create'
collect2: error: ld returned 1 exit status
ninja: build stopped: subcommand failed.

File /home/nuc/slam_ws/build_isolated/cartographer_ros/CMakeFiles/CMakeTmp/CheckSymbolExists.c:
/* */
#include <pthread.h>

int main(int argc, char** argv)
{
  (void)argv;
#ifndef pthread_create
  return ((int*)(&pthread_create))[argc];
#else
  (void)argc;
  return 0;
#endif
}

Determining if the function pthread_create exists in the pthreads failed with the following output:
Change Dir: /home/nuc/slam_ws/build_isolated/cartographer_ros/CMakeFiles/CMakeTmp

Run Build Command:"/usr/bin/ninja" "cmTC_51d48"
[1/2] Building C object CMakeFiles/cmTC_51d48.dir/CheckFunctionExists.c.o
[2/2] Linking C executable cmTC_51d48
FAILED: : && /usr/bin/cc  -DCHECK_FUNCTION_EXISTS=pthread_create   CMakeFiles/cmTC_51d48.dir/CheckFunctionExists.c.o  -o cmTC_51d48  -rdynamic -lpthreads && :
/usr/bin/ld: cannot find -lpthreads
collect2: error: ld returned 1 exit status
ninja: build stopped: subcommand failed.


